/*C5*/SET SCHEMA PUBLIC
DISCONNECT
/*C8*/SET SCHEMA PUBLIC
DELETE FROM PASSPORT WHERE ID=10
INSERT INTO PASSPORT VALUES(10,'aaa','0011-04-17 00:00:00.000000')
COMMIT
/*C7*/SET SCHEMA PUBLIC
DELETE FROM PERSON WHERE ID=10
INSERT INTO PERSON VALUES(10,'0011-04-17 00:00:00.000000','aaa','aaa',10)
COMMIT
/*C8*/DELETE FROM PASSPORT WHERE ID=10
INSERT INTO PASSPORT VALUES(10,'aaa','0017-04-11 00:00:00.000000')
COMMIT
/*C7*/DELETE FROM PERSON WHERE ID=10
INSERT INTO PERSON VALUES(10,'0017-04-11 00:00:00.000000','aaa','aaa',10)
COMMIT
/*C8*/INSERT INTO PASSPORT VALUES(11,'bbb','1925-01-01 00:00:00.000000')
COMMIT
/*C7*/INSERT INTO PERSON VALUES(11,'1925-01-01 00:00:00.000000','bbb','bbb',11)
COMMIT
/*C8*/DELETE FROM PASSPORT WHERE ID=11
INSERT INTO PASSPORT VALUES(11,'bbb',NULL)
COMMIT
/*C7*/DELETE FROM PERSON WHERE ID=11
INSERT INTO PERSON VALUES(11,NULL,'bbb','bbb',11)
COMMIT
/*C8*/DELETE FROM PASSPORT WHERE ID=11
INSERT INTO PASSPORT VALUES(11,'bbb','1925-01-01 00:00:00.000000')
COMMIT
/*C7*/DELETE FROM PERSON WHERE ID=11
INSERT INTO PERSON VALUES(11,'1925-01-01 00:00:00.000000','bbb','bbb',11)
COMMIT
